00:05:51.665 443  INFO  c.e.l.LoggingLorenzoApplicationTests - Starting LoggingLorenzoApplicationTests using Java 20.0.1 with PID 26716 (started by luigi in /Users/luigi/Desktop/esercitazioni/Spring-Boot-exercises /Spring-Boot-exercises/loggingLorenzo)
00:05:51.666 444  DEBUG c.e.l.LoggingLorenzoApplicationTests - Running with Spring Boot v3.2.2, Spring v6.1.3
00:05:51.666 444  INFO  c.e.l.LoggingLorenzoApplicationTests - No active profile set, falling back to 1 default profile: "default"
00:05:52.290 1068 INFO  o.s.d.r.c.RepositoryConfigurationDelegate - Bootstrapping Spring Data JPA repositories in DEFAULT mode.
00:05:52.320 1098 INFO  o.s.d.r.c.RepositoryConfigurationDelegate - Finished Spring Data repository scanning in 15 ms. Found 0 JPA repository interfaces.
00:05:52.849 1627 INFO  com.zaxxer.hikari.HikariDataSource - HikariPool-1 - Starting...
00:05:53.077 1855 INFO  com.zaxxer.hikari.pool.HikariPool - HikariPool-1 - Added connection conn0: url=jdbc:h2:mem:9b194fcf-2e38-4141-a72d-17c81de27b78 user=SA
00:05:53.079 1857 INFO  com.zaxxer.hikari.HikariDataSource - HikariPool-1 - Start completed.
00:05:53.123 1901 INFO  o.h.jpa.internal.util.LogHelper - HHH000204: Processing PersistenceUnitInfo [name: default]
00:05:53.189 1967 INFO  org.hibernate.Version - HHH000412: Hibernate ORM core version 6.4.1.Final
00:05:53.236 2014 INFO  o.h.c.i.RegionFactoryInitiator - HHH000026: Second-level cache disabled
00:05:53.490 2268 INFO  o.s.o.j.p.SpringPersistenceUnitInfo - No LoadTimeWeaver setup: ignoring JPA class transformer
00:05:54.094 2872 INFO  o.h.e.t.j.p.i.JtaPlatformInitiator - HHH000489: No JTA platform available (set 'hibernate.transaction.jta.platform' to enable JTA platform integration)
00:05:54.101 2879 INFO  o.s.o.j.LocalContainerEntityManagerFactoryBean - Initialized JPA EntityManagerFactory for persistence unit 'default'
00:05:54.340 3118 WARN  o.s.b.a.o.j.JpaBaseConfiguration$JpaWebConfiguration - spring.jpa.open-in-view is enabled by default. Therefore, database queries may be performed during view rendering. Explicitly configure spring.jpa.open-in-view to disable this warning
00:05:54.950 3728 INFO  c.e.l.LoggingLorenzoApplicationTests - Started LoggingLorenzoApplicationTests in 3.533 seconds (process running for 4.01)
00:05:55.479 4257 INFO  o.s.o.j.LocalContainerEntityManagerFactoryBean - Closing JPA EntityManagerFactory for persistence unit 'default'
00:05:55.481 4259 INFO  com.zaxxer.hikari.HikariDataSource - HikariPool-1 - Shutdown initiated...
00:05:55.483 4261 INFO  com.zaxxer.hikari.HikariDataSource - HikariPool-1 - Shutdown completed.
00:06:57.382 422  INFO  c.e.l.LoggingLorenzoApplicationTests - Starting LoggingLorenzoApplicationTests using Java 20.0.1 with PID 26821 (started by luigi in /Users/luigi/Desktop/esercitazioni/Spring-Boot-exercises /Spring-Boot-exercises/loggingLorenzo)
00:06:57.383 423  DEBUG c.e.l.LoggingLorenzoApplicationTests - Running with Spring Boot v3.2.2, Spring v6.1.3
00:06:57.383 423  INFO  c.e.l.LoggingLorenzoApplicationTests - No active profile set, falling back to 1 default profile: "default"
00:06:57.806 846  INFO  o.s.d.r.c.RepositoryConfigurationDelegate - Bootstrapping Spring Data JPA repositories in DEFAULT mode.
00:06:57.816 856  INFO  o.s.d.r.c.RepositoryConfigurationDelegate - Finished Spring Data repository scanning in 6 ms. Found 0 JPA repository interfaces.
00:06:58.027 1067 INFO  com.zaxxer.hikari.HikariDataSource - HikariPool-1 - Starting...
00:06:58.147 1187 INFO  com.zaxxer.hikari.pool.HikariPool - HikariPool-1 - Added connection conn0: url=jdbc:h2:mem:ebddd81d-3824-4000-a897-00418429c2c2 user=SA
00:06:58.148 1188 INFO  com.zaxxer.hikari.HikariDataSource - HikariPool-1 - Start completed.
00:06:58.185 1225 INFO  o.h.jpa.internal.util.LogHelper - HHH000204: Processing PersistenceUnitInfo [name: default]
00:06:58.212 1252 INFO  org.hibernate.Version - HHH000412: Hibernate ORM core version 6.4.1.Final
00:06:58.226 1266 INFO  o.h.c.i.RegionFactoryInitiator - HHH000026: Second-level cache disabled
00:06:58.322 1362 INFO  o.s.o.j.p.SpringPersistenceUnitInfo - No LoadTimeWeaver setup: ignoring JPA class transformer
00:06:58.481 1521 INFO  o.h.e.t.j.p.i.JtaPlatformInitiator - HHH000489: No JTA platform available (set 'hibernate.transaction.jta.platform' to enable JTA platform integration)
00:06:58.483 1523 INFO  o.s.o.j.LocalContainerEntityManagerFactoryBean - Initialized JPA EntityManagerFactory for persistence unit 'default'
00:06:58.590 1630 WARN  o.s.b.a.o.j.JpaBaseConfiguration$JpaWebConfiguration - spring.jpa.open-in-view is enabled by default. Therefore, database queries may be performed during view rendering. Explicitly configure spring.jpa.open-in-view to disable this warning
00:06:59.259 2299 INFO  c.e.l.LoggingLorenzoApplicationTests - Started LoggingLorenzoApplicationTests in 2.092 seconds (process running for 2.548)
00:07:00.100 3140 INFO  o.s.o.j.LocalContainerEntityManagerFactoryBean - Closing JPA EntityManagerFactory for persistence unit 'default'
00:07:00.106 3146 INFO  com.zaxxer.hikari.HikariDataSource - HikariPool-1 - Shutdown initiated...
00:07:00.111 3151 INFO  com.zaxxer.hikari.HikariDataSource - HikariPool-1 - Shutdown completed.
